Loading required package: methods
[1] 200
[1] "2017-05-04 14:51:03 EDT"
Loading required package: methods
[1] 200
[1] "2017-05-04 14:52:03 EDT"
[1] "[]"
Loading required package: methods
[1] 200
[1] "2017-05-04 14:53:03 EDT"
                    address   solddate    price
1      233 S 6th St APT 506 2017-05-01 $470,000
2          1814 Ranstead #4 2017-05-01   $1,700
3  3711 Lancaster Ave # 3FL       <NA> $541,500
4           1900 Federal St 2017-05-01 $350,000
5    9926 Haldeman Ave # 41 2017-04-30       $1
6             9414 Lansford 2017-04-28 $182,500
7          329 N Preston St       <NA> $465,000
8        10205 E Keswick Rd 2017-04-28 $109,950
9     2548 W Girard Ave # A 2017-04-28 $324,000
10     1213 W Allegheny Ave 2017-04-27 $130,000
11           2144 N 18th St 2017-04-21 $320,000
12           5302 Walnut St 2017-04-21 $145,000
13           3712 N 19th St 2017-04-18 $163,500
14        821 N Franklin St 2017-04-18 $800,000
15        5337 Arlington St 2017-04-18  $35,000
16  130 S 18th St UNIT 2502 2017-04-17 $300,000
17       2414 W Thompson St 2017-04-13 $100,000
18     1815 N Willington St 2017-04-12 $120,000
19     1829 N Willington St 2017-04-12 $160,000
20       2620 E Somerset St 2017-04-12 $305,000
21           1620 S 16th St 2017-04-11 $295,000
22          1536 Fontain St 2017-04-11 $170,000
23       2130 N Carlisle St 2017-04-11 $175,000
24     1808 N Willington St 2017-04-11 $120,000
25       7561 Overbrook Ave 2017-04-11 $175,000
26           3531 N 19th St 2017-04-11  $12,000
27       1732 N Sydenham St 2017-04-11 $300,000
28    1516 W Montgomery Ave 2017-04-11 $345,000
29       1732 N Sydenham St 2017-04-11 $300,000
30    1812 W Montgomery Ave       <NA> $440,000
31    1414 E Cheltenham Ave 2017-04-10 $125,000
32            1320 S 8th St 2017-04-07 $210,000
33              616 4th #1F 2017-04-05   $1,400
34           1248 S 15th St 2017-04-05 $299,500
35            4225 Otter St 2017-04-05  $59,500
36       9455 Woodbridge Rd 2017-04-04 $185,000
37  1324 Locust St APT 1131 2017-04-04  $82,000
38              1835 N 33rd 2017-04-02 $225,000
39           1145 S 11th St 2017-04-01   $1,150
40        3477 Indian Queen 2017-03-31 $186,600
41        421 Pine St APT 2 2017-03-31   $1.12M
42      5226 Roosevelt Blvd 2017-03-31 $120,000
43      1309 W. Chelten Ave 2017-03-30 $170,000
44     220 Locust St APT 2C 2017-03-30 $289,250
45            1438 67th Ave 2017-03-30 $169,847
46          2501 S Broad St 2017-03-29 $550,000
47     3323 Indian Queen Ln 2017-03-29 $239,000
48       4579 Manayunk Ave. 2017-03-28 $275,000
49          2503 S Broad St 2017-03-28 $465,000
50            831 Bridge St 2017-03-28  $69,500
51           5438 Walnut St 2017-03-28 $135,000
52      4125 Roosevelt Blvd 2017-03-27  $85,000
53         3300 Meridian St 2017-03-27 $162,000
54           1227 N 31st St 2017-03-24 $190,000
                                                 unitprice beds baths area
1   $390 <U+00B7> 1 bd <U+00B7> 1.5 ba <U+00B7> 1,205 sqft <NA>  <NA> <NA>
2       $1 <U+00B7> 1 bd <U+00B7> 1 ba <U+00B7> 1,000 sqft <NA>  <NA> <NA>
3         -- <U+00B7> 3 bds <U+00B7> 3 ba <U+00B7> -- sqft <NA>  <NA> <NA>
4  $120 <U+00B7> -- bds <U+00B7> -- ba <U+00B7> 2,907 sqft <NA>  <NA> <NA>
5      -- <U+00B7> 4 bds <U+00B7> 2 ba <U+00B7> 2,000 sqft <NA>  <NA> <NA>
6    $102 <U+00B7> 2 bds <U+00B7> 1 ba <U+00B7> 1,778 sqft <NA>  <NA> <NA>
7   $108 <U+00B7> Studio <U+00B7> 1 ba <U+00B7> 2,055 sqft <NA>  <NA> <NA>
8     $68 <U+00B7> 3 bds <U+00B7> 2 ba <U+00B7> 1,600 sqft <NA>  <NA> <NA>
9    $202 <U+00B7> 4 bds <U+00B7> 2 ba <U+00B7> 1,600 sqft <NA>  <NA> <NA>
10    $47 <U+00B7> 8 bds <U+00B7> 3 ba <U+00B7> 2,736 sqft <NA>  <NA> <NA>
11   $126 <U+00B7> 9 bds <U+00B7> 3 ba <U+00B7> 2,520 sqft <NA>  <NA> <NA>
12        -- <U+00B7> 3 bds <U+00B7> 1 ba <U+00B7> -- sqft <NA>  <NA> <NA>
13    $65 <U+00B7> 6 bds <U+00B7> 2 ba <U+00B7> 2,500 sqft <NA>  <NA> <NA>
14  $248 <U+00B7> 6 bds <U+00B7> -- ba <U+00B7> 3,216 sqft <NA>  <NA> <NA>
15   $16 <U+00B7> 3 bds <U+00B7> -- ba <U+00B7> 2,123 sqft <NA>  <NA> <NA>
16 $135 <U+00B7> 3 bds <U+00B7> 3.5 ba <U+00B7> 2,210 sqft <NA>  <NA> <NA>
17    $44 <U+00B7> 4 bds <U+00B7> 2 ba <U+00B7> 2,268 sqft <NA>  <NA> <NA>
18     $125 <U+00B7> 2 bds <U+00B7> 1 ba <U+00B7> 960 sqft <NA>  <NA> <NA>
19     $166 <U+00B7> 3 bds <U+00B7> 1 ba <U+00B7> 960 sqft <NA>  <NA> <NA>
20   $113 <U+00B7> 6 bds <U+00B7> 3 ba <U+00B7> 2,698 sqft <NA>  <NA> <NA>
21   $295 <U+00B7> 1 bd <U+00B7> -- ba <U+00B7> 1,000 sqft <NA>  <NA> <NA>
22   $139 <U+00B7> 4 bds <U+00B7> 1 ba <U+00B7> 1,216 sqft <NA>  <NA> <NA>
23   $94 <U+00B7> Studio <U+00B7> 1 ba <U+00B7> 1,845 sqft <NA>  <NA> <NA>
24   $114 <U+00B7> 2 bds <U+00B7> 1 ba <U+00B7> 1,044 sqft <NA>  <NA> <NA>
25   $109 <U+00B7> 4 bds <U+00B7> 3 ba <U+00B7> 1,600 sqft <NA>  <NA> <NA>
26     $3 <U+00B7> 9 bds <U+00B7> 3 ba <U+00B7> 3,448 sqft <NA>  <NA> <NA>
27   $177 <U+00B7> 5 bds <U+00B7> 2 ba <U+00B7> 1,686 sqft <NA>  <NA> <NA>
28   $172 <U+00B7> 6 bds <U+00B7> 3 ba <U+00B7> 2,001 sqft <NA>  <NA> <NA>
29   $177 <U+00B7> 5 bds <U+00B7> 2 ba <U+00B7> 1,686 sqft <NA>  <NA> <NA>
30   $320 <U+00B7> 4 bds <U+00B7> 2 ba <U+00B7> 1,800 sqft <NA>  <NA> <NA>
31  $91 <U+00B7> -- bds <U+00B7> -- ba <U+00B7> 1,368 sqft <NA>  <NA> <NA>
32   $175 <U+00B7> 3 bds <U+00B7> 1 ba <U+00B7> 1,198 sqft <NA>  <NA> <NA>
33        $2 <U+00B7> 1 bd <U+00B7> 1 ba <U+00B7> 500 sqft <NA>  <NA> <NA>
34   $129 <U+00B7> 5 bds <U+00B7> 2 ba <U+00B7> 2,319 sqft <NA>  <NA> <NA>
35    $28 <U+00B7> 5 bds <U+00B7> 2 ba <U+00B7> 2,052 sqft <NA>  <NA> <NA>
36    $85 <U+00B7> 4 bds <U+00B7> 2 ba <U+00B7> 2,160 sqft <NA>  <NA> <NA>
37    $203 <U+00B7> Studio <U+00B7> 1 ba <U+00B7> 403 sqft <NA>  <NA> <NA>
38    $80 <U+00B7> 6 bds <U+00B7> 4 ba <U+00B7> 2,790 sqft <NA>  <NA> <NA>
39   -- <U+00B7> -- bds <U+00B7> -- ba <U+00B7> 1,629 sqft <NA>  <NA> <NA>
40    $78 <U+00B7> 4 bds <U+00B7> 4 ba <U+00B7> 2,370 sqft <NA>  <NA> <NA>
41        -- <U+00B7> 2 bds <U+00B7> 1 ba <U+00B7> -- sqft <NA>  <NA> <NA>
42   $87 <U+00B7> 2 bds <U+00B7> -- ba <U+00B7> 1,379 sqft <NA>  <NA> <NA>
43    $80 <U+00B7> 5 bds <U+00B7> 3 ba <U+00B7> 2,100 sqft <NA>  <NA> <NA>
44      $413 <U+00B7> 1 bd <U+00B7> 1 ba <U+00B7> 700 sqft <NA>  <NA> <NA>
45   $101 <U+00B7> 5 bds <U+00B7> 3 ba <U+00B7> 1,680 sqft <NA>  <NA> <NA>
46 $144 <U+00B7> Studio <U+00B7> -- ba <U+00B7> 3,800 sqft <NA>  <NA> <NA>
47 $162 <U+00B7> Studio <U+00B7> -- ba <U+00B7> 1,474 sqft <NA>  <NA> <NA>
48   $156 <U+00B7> 4 bds <U+00B7> 2 ba <U+00B7> 1,760 sqft <NA>  <NA> <NA>
49 $168 <U+00B7> Studio <U+00B7> -- ba <U+00B7> 2,753 sqft <NA>  <NA> <NA>
50    $62 <U+00B7> 4 bds <U+00B7> 2 ba <U+00B7> 1,120 sqft <NA>  <NA> <NA>
51  $63 <U+00B7> Studio <U+00B7> -- ba <U+00B7> 2,130 sqft <NA>  <NA> <NA>
52   $50 <U+00B7> 3 bds <U+00B7> -- ba <U+00B7> 1,680 sqft <NA>  <NA> <NA>
53  $101 <U+00B7> 4 bds <U+00B7> -- ba <U+00B7> 1,600 sqft <NA>  <NA> <NA>
54 $145 <U+00B7> Studio <U+00B7> -- ba <U+00B7> 1,310 sqft <NA>  <NA> <NA>
          lon       lat
1  -75.151271 39.946577
2  -75.170535 39.952111
3  -75.195757 39.959872
4  -75.175297 39.936887
5  -75.026605 40.096353
6  -75.008596 40.065593
7  -75.203407 39.959819
8  -74.988784 40.074745
9  -75.178779 39.973726
10 -75.149204  40.00142
11   -75.1629   39.9868
12   -75.2285   39.9571
13   -75.1592  40.01065
14 -75.149675 39.965936
15 -75.231052 39.987118
16 -75.170604 39.950728
17  -75.17597 39.975225
18 -75.161324 39.981069
19 -75.161248 39.981333
20 -75.112821  39.98005
21 -75.171935 39.930407
22 -75.159438 39.984304
23 -75.157568 39.985614
24 -75.161707 39.981153
25 -75.270337 39.978259
26 -75.159404  40.00798
27 -75.160331  39.97998
28 -75.160346 39.980419
29 -75.160331  39.97998
30 -75.164405 39.980957
31 -75.082356 40.030118
32 -75.157928 39.932166
33 -75.149498 39.941182
34 -75.169424 39.934659
35 -75.209472 39.971126
36 -75.015474 40.066916
37 -75.163619  39.94786
38 -75.187473 39.985133
39 -75.161473 39.935936
40 -75.187935 40.010981
41 -75.149681  39.94384
42 -75.089553 40.029781
43 -75.140223 40.050445
44 -75.145011 39.944991
45 -75.142295  40.05516
46 -75.170457 39.919252
47 -75.185081 40.013019
48 -75.222011  40.03296
49 -75.170467 39.919203
50 -75.093256 40.033167
51 -75.231038 39.957262
52 -75.106785 40.028315
53 -75.035858 40.043525
54 -75.186286 39.975791
                    address   solddate    price
1      233 S 6th St APT 506 2017-05-01 $470,000
2          1814 Ranstead #4 2017-05-01   $1,700
3  3711 Lancaster Ave # 3FL       <NA> $541,500
4           1900 Federal St 2017-05-01 $350,000
5    9926 Haldeman Ave # 41 2017-04-30       $1
6             9414 Lansford 2017-04-28 $182,500
7          329 N Preston St       <NA> $465,000
8        10205 E Keswick Rd 2017-04-28 $109,950
9     2548 W Girard Ave # A 2017-04-28 $324,000
10     1213 W Allegheny Ave 2017-04-27 $130,000
11           2144 N 18th St 2017-04-21 $320,000
12           5302 Walnut St 2017-04-21 $145,000
13           3712 N 19th St 2017-04-18 $163,500
14        821 N Franklin St 2017-04-18 $800,000
15        5337 Arlington St 2017-04-18  $35,000
16  130 S 18th St UNIT 2502 2017-04-17 $300,000
17       2414 W Thompson St 2017-04-13 $100,000
18     1815 N Willington St 2017-04-12 $120,000
19     1829 N Willington St 2017-04-12 $160,000
20       2620 E Somerset St 2017-04-12 $305,000
21           1620 S 16th St 2017-04-11 $295,000
22          1536 Fontain St 2017-04-11 $170,000
23       2130 N Carlisle St 2017-04-11 $175,000
24     1808 N Willington St 2017-04-11 $120,000
25       7561 Overbrook Ave 2017-04-11 $175,000
26           3531 N 19th St 2017-04-11  $12,000
27       1732 N Sydenham St 2017-04-11 $300,000
                                                 unitprice beds baths area
1   $390 <U+00B7> 1 bd <U+00B7> 1.5 ba <U+00B7> 1,205 sqft <NA>  <NA> <NA>
2       $1 <U+00B7> 1 bd <U+00B7> 1 ba <U+00B7> 1,000 sqft <NA>  <NA> <NA>
3         -- <U+00B7> 3 bds <U+00B7> 3 ba <U+00B7> -- sqft <NA>  <NA> <NA>
4  $120 <U+00B7> -- bds <U+00B7> -- ba <U+00B7> 2,907 sqft <NA>  <NA> <NA>
5      -- <U+00B7> 4 bds <U+00B7> 2 ba <U+00B7> 2,000 sqft <NA>  <NA> <NA>
6    $102 <U+00B7> 2 bds <U+00B7> 1 ba <U+00B7> 1,778 sqft <NA>  <NA> <NA>
7   $108 <U+00B7> Studio <U+00B7> 1 ba <U+00B7> 2,055 sqft <NA>  <NA> <NA>
8     $68 <U+00B7> 3 bds <U+00B7> 2 ba <U+00B7> 1,600 sqft <NA>  <NA> <NA>
9    $202 <U+00B7> 4 bds <U+00B7> 2 ba <U+00B7> 1,600 sqft <NA>  <NA> <NA>
10    $47 <U+00B7> 8 bds <U+00B7> 3 ba <U+00B7> 2,736 sqft <NA>  <NA> <NA>
11   $126 <U+00B7> 9 bds <U+00B7> 3 ba <U+00B7> 2,520 sqft <NA>  <NA> <NA>
12        -- <U+00B7> 3 bds <U+00B7> 1 ba <U+00B7> -- sqft <NA>  <NA> <NA>
13    $65 <U+00B7> 6 bds <U+00B7> 2 ba <U+00B7> 2,500 sqft <NA>  <NA> <NA>
14  $248 <U+00B7> 6 bds <U+00B7> -- ba <U+00B7> 3,216 sqft <NA>  <NA> <NA>
15   $16 <U+00B7> 3 bds <U+00B7> -- ba <U+00B7> 2,123 sqft <NA>  <NA> <NA>
16 $135 <U+00B7> 3 bds <U+00B7> 3.5 ba <U+00B7> 2,210 sqft <NA>  <NA> <NA>
17    $44 <U+00B7> 4 bds <U+00B7> 2 ba <U+00B7> 2,268 sqft <NA>  <NA> <NA>
18     $125 <U+00B7> 2 bds <U+00B7> 1 ba <U+00B7> 960 sqft <NA>  <NA> <NA>
19     $166 <U+00B7> 3 bds <U+00B7> 1 ba <U+00B7> 960 sqft <NA>  <NA> <NA>
20   $113 <U+00B7> 6 bds <U+00B7> 3 ba <U+00B7> 2,698 sqft <NA>  <NA> <NA>
21   $295 <U+00B7> 1 bd <U+00B7> -- ba <U+00B7> 1,000 sqft <NA>  <NA> <NA>
22   $139 <U+00B7> 4 bds <U+00B7> 1 ba <U+00B7> 1,216 sqft <NA>  <NA> <NA>
23   $94 <U+00B7> Studio <U+00B7> 1 ba <U+00B7> 1,845 sqft <NA>  <NA> <NA>
24   $114 <U+00B7> 2 bds <U+00B7> 1 ba <U+00B7> 1,044 sqft <NA>  <NA> <NA>
25   $109 <U+00B7> 4 bds <U+00B7> 3 ba <U+00B7> 1,600 sqft <NA>  <NA> <NA>
26     $3 <U+00B7> 9 bds <U+00B7> 3 ba <U+00B7> 3,448 sqft <NA>  <NA> <NA>
27   $177 <U+00B7> 5 bds <U+00B7> 2 ba <U+00B7> 1,686 sqft <NA>  <NA> <NA>
          lon       lat
1  -75.151271 39.946577
2  -75.170535 39.952111
3  -75.195757 39.959872
4  -75.175297 39.936887
5  -75.026605 40.096353
6  -75.008596 40.065593
7  -75.203407 39.959819
8  -74.988784 40.074745
9  -75.178779 39.973726
10 -75.149204  40.00142
11   -75.1629   39.9868
12   -75.2285   39.9571
13   -75.1592  40.01065
14 -75.149675 39.965936
15 -75.231052 39.987118
16 -75.170604 39.950728
17  -75.17597 39.975225
18 -75.161324 39.981069
19 -75.161248 39.981333
20 -75.112821  39.98005
21 -75.171935 39.930407
22 -75.159438 39.984304
23 -75.157568 39.985614
24 -75.161707 39.981153
25 -75.270337 39.978259
26 -75.159404  40.00798
27 -75.160331  39.97998
Loading required package: methods
[1] 200
[1] "2017-05-04 14:54:02 EDT"
                    address   solddate    price
1      233 S 6th St APT 506 2017-05-01 $470,000
2  3711 Lancaster Ave # 3FL       <NA> $541,500
3           1900 Federal St 2017-05-01 $350,000
4          1814 Ranstead #4 2017-05-01   $1,700
5    9926 Haldeman Ave # 41 2017-04-30       $1
6             9414 Lansford 2017-04-28 $182,500
7        10205 E Keswick Rd 2017-04-28 $109,950
8          329 N Preston St       <NA> $465,000
9     2548 W Girard Ave # A 2017-04-28 $324,000
10     1213 W Allegheny Ave 2017-04-27 $130,000
11           2144 N 18th St 2017-04-21 $320,000
12           5302 Walnut St 2017-04-21 $145,000
13           3712 N 19th St 2017-04-18 $163,500
14        821 N Franklin St 2017-04-18 $800,000
15        5337 Arlington St 2017-04-18  $35,000
16  130 S 18th St UNIT 2502 2017-04-17 $300,000
17       2414 W Thompson St 2017-04-13 $100,000
18     1815 N Willington St 2017-04-12 $120,000
19     1829 N Willington St 2017-04-12 $160,000
20       2620 E Somerset St 2017-04-12 $305,000
21          1534 Fontain St 2017-04-11 $170,000
22       7561 Overbrook Ave 2017-04-11 $175,000
23           1620 S 16th St 2017-04-11 $295,000
24    1516 W Montgomery Ave 2017-04-11 $345,000
25          1536 Fontain St 2017-04-11 $170,000
26       1732 N Sydenham St 2017-04-11 $300,000
27     1808 N Willington St 2017-04-11 $120,000
28    1516 W Montgomery Ave 2017-04-11 $345,000
29       1732 N Sydenham St 2017-04-11 $300,000
30    1812 W Montgomery Ave       <NA> $440,000
31    1414 E Cheltenham Ave 2017-04-10 $125,000
32            1320 S 8th St 2017-04-07 $210,000
33              616 4th #1F 2017-04-05   $1,400
34           1248 S 15th St 2017-04-05 $299,500
35            4225 Otter St 2017-04-05  $59,500
36       9455 Woodbridge Rd 2017-04-04 $185,000
37  1324 Locust St APT 1131 2017-04-04  $82,000
38              1835 N 33rd 2017-04-02 $225,000
39           1145 S 11th St 2017-04-01   $1,150
40        3477 Indian Queen 2017-03-31 $186,600
41        421 Pine St APT 2 2017-03-31   $1.12M
42      5226 Roosevelt Blvd 2017-03-31 $120,000
43      1309 W. Chelten Ave 2017-03-30 $170,000
44     220 Locust St APT 2C 2017-03-30 $289,250
45            1438 67th Ave 2017-03-30 $169,847
46          2501 S Broad St 2017-03-29 $550,000
47     3323 Indian Queen Ln 2017-03-29 $239,000
48       4579 Manayunk Ave. 2017-03-28 $275,000
49          2503 S Broad St 2017-03-28 $465,000
50            831 Bridge St 2017-03-28  $69,500
51           5438 Walnut St 2017-03-28 $135,000
52      4125 Roosevelt Blvd 2017-03-27  $85,000
53         3300 Meridian St 2017-03-27 $162,000
54           1227 N 31st St 2017-03-24 $190,000
                                                 unitprice beds baths area
1   $390 <U+00B7> 1 bd <U+00B7> 1.5 ba <U+00B7> 1,205 sqft <NA>  <NA> <NA>
2         -- <U+00B7> 3 bds <U+00B7> 3 ba <U+00B7> -- sqft <NA>  <NA> <NA>
3  $120 <U+00B7> -- bds <U+00B7> -- ba <U+00B7> 2,907 sqft <NA>  <NA> <NA>
4       $1 <U+00B7> 1 bd <U+00B7> 1 ba <U+00B7> 1,000 sqft <NA>  <NA> <NA>
5      -- <U+00B7> 4 bds <U+00B7> 2 ba <U+00B7> 2,000 sqft <NA>  <NA> <NA>
6    $102 <U+00B7> 2 bds <U+00B7> 1 ba <U+00B7> 1,778 sqft <NA>  <NA> <NA>
7     $68 <U+00B7> 3 bds <U+00B7> 2 ba <U+00B7> 1,600 sqft <NA>  <NA> <NA>
8   $108 <U+00B7> Studio <U+00B7> 1 ba <U+00B7> 2,055 sqft <NA>  <NA> <NA>
9    $202 <U+00B7> 4 bds <U+00B7> 2 ba <U+00B7> 1,600 sqft <NA>  <NA> <NA>
10    $47 <U+00B7> 8 bds <U+00B7> 3 ba <U+00B7> 2,736 sqft <NA>  <NA> <NA>
11   $126 <U+00B7> 9 bds <U+00B7> 3 ba <U+00B7> 2,520 sqft <NA>  <NA> <NA>
12        -- <U+00B7> 3 bds <U+00B7> 1 ba <U+00B7> -- sqft <NA>  <NA> <NA>
13    $65 <U+00B7> 6 bds <U+00B7> 2 ba <U+00B7> 2,500 sqft <NA>  <NA> <NA>
14  $248 <U+00B7> 6 bds <U+00B7> -- ba <U+00B7> 3,216 sqft <NA>  <NA> <NA>
15   $16 <U+00B7> 3 bds <U+00B7> -- ba <U+00B7> 2,123 sqft <NA>  <NA> <NA>
16 $135 <U+00B7> 3 bds <U+00B7> 3.5 ba <U+00B7> 2,210 sqft <NA>  <NA> <NA>
17    $44 <U+00B7> 4 bds <U+00B7> 2 ba <U+00B7> 2,268 sqft <NA>  <NA> <NA>
18     $125 <U+00B7> 2 bds <U+00B7> 1 ba <U+00B7> 960 sqft <NA>  <NA> <NA>
19     $166 <U+00B7> 3 bds <U+00B7> 1 ba <U+00B7> 960 sqft <NA>  <NA> <NA>
20   $113 <U+00B7> 6 bds <U+00B7> 3 ba <U+00B7> 2,698 sqft <NA>  <NA> <NA>
21   $139 <U+00B7> 4 bds <U+00B7> 1 ba <U+00B7> 1,216 sqft <NA>  <NA> <NA>
22   $109 <U+00B7> 4 bds <U+00B7> 3 ba <U+00B7> 1,600 sqft <NA>  <NA> <NA>
23   $295 <U+00B7> 1 bd <U+00B7> -- ba <U+00B7> 1,000 sqft <NA>  <NA> <NA>
24   $172 <U+00B7> 6 bds <U+00B7> 3 ba <U+00B7> 2,001 sqft <NA>  <NA> <NA>
25   $139 <U+00B7> 4 bds <U+00B7> 1 ba <U+00B7> 1,216 sqft <NA>  <NA> <NA>
26   $177 <U+00B7> 5 bds <U+00B7> 2 ba <U+00B7> 1,686 sqft <NA>  <NA> <NA>
27   $114 <U+00B7> 2 bds <U+00B7> 1 ba <U+00B7> 1,044 sqft <NA>  <NA> <NA>
28   $172 <U+00B7> 6 bds <U+00B7> 3 ba <U+00B7> 2,001 sqft <NA>  <NA> <NA>
29   $177 <U+00B7> 5 bds <U+00B7> 2 ba <U+00B7> 1,686 sqft <NA>  <NA> <NA>
30   $320 <U+00B7> 4 bds <U+00B7> 2 ba <U+00B7> 1,800 sqft <NA>  <NA> <NA>
31  $91 <U+00B7> -- bds <U+00B7> -- ba <U+00B7> 1,368 sqft <NA>  <NA> <NA>
32   $175 <U+00B7> 3 bds <U+00B7> 1 ba <U+00B7> 1,198 sqft <NA>  <NA> <NA>
33        $2 <U+00B7> 1 bd <U+00B7> 1 ba <U+00B7> 500 sqft <NA>  <NA> <NA>
34   $129 <U+00B7> 5 bds <U+00B7> 2 ba <U+00B7> 2,319 sqft <NA>  <NA> <NA>
35    $28 <U+00B7> 5 bds <U+00B7> 2 ba <U+00B7> 2,052 sqft <NA>  <NA> <NA>
36    $85 <U+00B7> 4 bds <U+00B7> 2 ba <U+00B7> 2,160 sqft <NA>  <NA> <NA>
37    $203 <U+00B7> Studio <U+00B7> 1 ba <U+00B7> 403 sqft <NA>  <NA> <NA>
38    $80 <U+00B7> 6 bds <U+00B7> 4 ba <U+00B7> 2,790 sqft <NA>  <NA> <NA>
39   -- <U+00B7> -- bds <U+00B7> -- ba <U+00B7> 1,629 sqft <NA>  <NA> <NA>
40    $78 <U+00B7> 4 bds <U+00B7> 4 ba <U+00B7> 2,370 sqft <NA>  <NA> <NA>
41        -- <U+00B7> 2 bds <U+00B7> 1 ba <U+00B7> -- sqft <NA>  <NA> <NA>
42   $87 <U+00B7> 2 bds <U+00B7> -- ba <U+00B7> 1,379 sqft <NA>  <NA> <NA>
43    $80 <U+00B7> 5 bds <U+00B7> 3 ba <U+00B7> 2,100 sqft <NA>  <NA> <NA>
44      $413 <U+00B7> 1 bd <U+00B7> 1 ba <U+00B7> 700 sqft <NA>  <NA> <NA>
45   $101 <U+00B7> 5 bds <U+00B7> 3 ba <U+00B7> 1,680 sqft <NA>  <NA> <NA>
46 $144 <U+00B7> Studio <U+00B7> -- ba <U+00B7> 3,800 sqft <NA>  <NA> <NA>
47 $162 <U+00B7> Studio <U+00B7> -- ba <U+00B7> 1,474 sqft <NA>  <NA> <NA>
48   $156 <U+00B7> 4 bds <U+00B7> 2 ba <U+00B7> 1,760 sqft <NA>  <NA> <NA>
49 $168 <U+00B7> Studio <U+00B7> -- ba <U+00B7> 2,753 sqft <NA>  <NA> <NA>
50    $62 <U+00B7> 4 bds <U+00B7> 2 ba <U+00B7> 1,120 sqft <NA>  <NA> <NA>
51  $63 <U+00B7> Studio <U+00B7> -- ba <U+00B7> 2,130 sqft <NA>  <NA> <NA>
52   $50 <U+00B7> 3 bds <U+00B7> -- ba <U+00B7> 1,680 sqft <NA>  <NA> <NA>
53  $101 <U+00B7> 4 bds <U+00B7> -- ba <U+00B7> 1,600 sqft <NA>  <NA> <NA>
54 $145 <U+00B7> Studio <U+00B7> -- ba <U+00B7> 1,310 sqft <NA>  <NA> <NA>
          lon       lat
1  -75.151271 39.946577
2  -75.195757 39.959872
3  -75.175297 39.936887
4  -75.170535 39.952111
5  -75.026605 40.096353
6  -75.008596 40.065593
7  -74.988784 40.074745
8  -75.203407 39.959819
9  -75.178779 39.973726
10 -75.149204  40.00142
11   -75.1629   39.9868
12   -75.2285   39.9571
13   -75.1592  40.01065
14 -75.149675 39.965936
15 -75.231052 39.987118
16 -75.170604 39.950728
17  -75.17597 39.975225
18 -75.161324 39.981069
19 -75.161248 39.981333
20 -75.112821  39.98005
21  -75.15939 39.984298
22 -75.270337 39.978259
23 -75.171935 39.930407
24 -75.160346 39.980419
25 -75.159438 39.984304
26 -75.160331  39.97998
27 -75.161707 39.981153
28 -75.160346 39.980419
29 -75.160331  39.97998
30 -75.164405 39.980957
31 -75.082356 40.030118
32 -75.157928 39.932166
33 -75.149498 39.941182
34 -75.169424 39.934659
35 -75.209472 39.971126
36 -75.015474 40.066916
37 -75.163619  39.94786
38 -75.187473 39.985133
39 -75.161473 39.935936
40 -75.187935 40.010981
41 -75.149681  39.94384
42 -75.089553 40.029781
43 -75.140223 40.050445
44 -75.145011 39.944991
45 -75.142295  40.05516
46 -75.170457 39.919252
47 -75.185081 40.013019
48 -75.222011  40.03296
49 -75.170467 39.919203
50 -75.093256 40.033167
51 -75.231038 39.957262
52 -75.106785 40.028315
53 -75.035858 40.043525
54 -75.186286 39.975791
[1] "[]"
Loading required package: methods
[1] 200
[1] "2017-05-04 14:55:02 EDT"
[1] "today"
[1] "[]"
Loading required package: methods
[1] "latest"
[1] address   solddate  price     unitprice beds      baths     area     
[8] lon       lat      
<0 rows> (or 0-length row.names)
[1] 200
[1] "2017-05-04 14:56:03 EDT"
[1] "today"
[] 
Loading required package: methods
[1] "latest"
[1] address   solddate  price     unitprice beds      baths     area     
[8] lon       lat      
<0 rows> (or 0-length row.names)
[1] 200
[1] "2017-05-04 14:57:02 EDT"
[1] "today"
[] 
Loading required package: methods
[1] "latest"
[1] address   solddate  price     unitprice beds      baths     area     
[8] lon       lat      
<0 rows> (or 0-length row.names)
[1] 200
[1] "2017-05-04 14:58:02 EDT"
[1] "today"
[] 
Loading required package: methods
[1] "latest"
[1] <NA>
53 Levels: 10205 E Keswick Rd 1213 W Allegheny Ave ... 9455 Woodbridge Rd
[1] "today latest step"
[] 
[1] 200
[1] "2017-05-04 14:59:03 EDT"
[1] "today"
[] 
Loading required package: methods
[1] "latest"
[1] 9926 Haldeman Ave # 41
52 Levels: 10205 E Keswick Rd 1213 W Allegheny Ave ... 9455 Woodbridge Rd
[1] "today latest step"
[{"address":"233 S 6th St APT 506","solddate":"2017-05-01","price":"$470,000","unitprice":"$390 <U+00B7> 1 bd <U+00B7> 1.5 ba <U+00B7> 1,205 sqft","lon":"-75.151271","lat":"39.946577"},{"address":"1814 Ranstead #4","solddate":"2017-05-01","price":"$1,700","unitprice":"$1 <U+00B7> 1 bd <U+00B7> 1 ba <U+00B7> 1,000 sqft","lon":"-75.170535","lat":"39.952111"},{"address":"1900 Federal St","solddate":"2017-05-01","price":"$350,000","unitprice":"$120 <U+00B7> -- bds <U+00B7> -- ba <U+00B7> 2,907 sqft","lon":"-75.175297","lat":"39.936887"},{"address":"3711 Lancaster Ave # 3FL","price":"$541,500","unitprice":"-- <U+00B7> 3 bds <U+00B7> 3 ba <U+00B7> -- sqft","lon":"-75.195757","lat":"39.959872"},{"address":"9926 Haldeman Ave # 41","solddate":"2017-04-30","price":"$1","unitprice":"-- <U+00B7> 4 bds <U+00B7> 2 ba <U+00B7> 2,000 sqft","lon":"-75.026605","lat":"40.096353"},{"address":"9414 Lansford","solddate":"2017-04-28","price":"$182,500","unitprice":"$102 <U+00B7> 2 bds <U+00B7> 1 ba <U+00B7> 1,778 sqft","lon":"-75.008596","lat":"40.065593"},{"address":"2548 W Girard Ave # A","solddate":"2017-04-28","price":"$324,000","unitprice":"$202 <U+00B7> 4 bds <U+00B7> 2 ba <U+00B7> 1,600 sqft","lon":"-75.178779","lat":"39.973726"},{"address":"10205 E Keswick Rd","solddate":"2017-04-28","price":"$109,950","unitprice":"$68 <U+00B7> 3 bds <U+00B7> 2 ba <U+00B7> 1,600 sqft","lon":"-74.988784","lat":"40.074745"},{"address":"329 N Preston St","price":"$465,000","unitprice":"$108 <U+00B7> Studio <U+00B7> 1 ba <U+00B7> 2,055 sqft","lon":"-75.203407","lat":"39.959819"},{"address":"1213 W Allegheny Ave","solddate":"2017-04-27","price":"$130,000","unitprice":"$47 <U+00B7> 8 bds <U+00B7> 3 ba <U+00B7> 2,736 sqft","lon":"-75.149204","lat":"40.00142"},{"address":"2144 N 18th St","solddate":"2017-04-21","price":"$320,000","unitprice":"$126 <U+00B7> 9 bds <U+00B7> 3 ba <U+00B7> 2,520 sqft","lon":"-75.1629","lat":"39.9868"},{"address":"5302 Walnut St","solddate":"2017-04-21","price":"$145,000","unitprice":"-- <U+00B7> 3 bds <U+00B7> 1 ba <U+00B7> -- sqft","lon":"-75.2285","lat":"39.9571"},{"address":"3712 N 19th St","solddate":"2017-04-18","price":"$163,500","unitprice":"$65 <U+00B7> 6 bds <U+00B7> 2 ba <U+00B7> 2,500 sqft","lon":"-75.1592","lat":"40.01065"},{"address":"821 N Franklin St","solddate":"2017-04-18","price":"$800,000","unitprice":"$248 <U+00B7> 6 bds <U+00B7> -- ba <U+00B7> 3,216 sqft","lon":"-75.149675","lat":"39.965936"},{"address":"5337 Arlington St","solddate":"2017-04-18","price":"$35,000","unitprice":"$16 <U+00B7> 3 bds <U+00B7> -- ba <U+00B7> 2,123 sqft","lon":"-75.231052","lat":"39.987118"},{"address":"130 S 18th St UNIT 2502","solddate":"2017-04-17","price":"$300,000","unitprice":"$135 <U+00B7> 3 bds <U+00B7> 3.5 ba <U+00B7> 2,210 sqft","lon":"-75.170604","lat":"39.950728"},{"address":"2414 W Thompson St","solddate":"2017-04-13","price":"$100,000","unitprice":"$44 <U+00B7> 4 bds <U+00B7> 2 ba <U+00B7> 2,268 sqft","lon":"-75.17597","lat":"39.975225"},{"address":"1829 N Willington St","solddate":"2017-04-12","price":"$160,000","unitprice":"$166 <U+00B7> 3 bds <U+00B7> 1 ba <U+00B7> 960 sqft","lon":"-75.161248","lat":"39.981333"},{"address":"1815 N Willington St","solddate":"2017-04-12","price":"$120,000","unitprice":"$125 <U+00B7> 2 bds <U+00B7> 1 ba <U+00B7> 960 sqft","lon":"-75.161324","lat":"39.981069"},{"address":"2620 E Somerset St","solddate":"2017-04-12","price":"$305,000","unitprice":"$113 <U+00B7> 6 bds <U+00B7> 3 ba <U+00B7> 2,698 sqft","lon":"-75.112821","lat":"39.98005"},{"address":"7561 Overbrook Ave","solddate":"2017-04-11","price":"$175,000","unitprice":"$109 <U+00B7> 4 bds <U+00B7> 3 ba <U+00B7> 1,600 sqft","lon":"-75.270337","lat":"39.978259"},{"address":"1536 Fontain St","solddate":"2017-04-11","price":"$170,000","unitprice":"$139 <U+00B7> 4 bds <U+00B7> 1 ba <U+00B7> 1,216 sqft","lon":"-75.159438","lat":"39.984304"},{"address":"1534 Fontain St","solddate":"2017-04-11","price":"$170,000","unitprice":"$139 <U+00B7> 4 bds <U+00B7> 1 ba <U+00B7> 1,216 sqft","lon":"-75.15939","lat":"39.984298"},{"address":"1620 S 16th St","solddate":"2017-04-11","price":"$295,000","unitprice":"$295 <U+00B7> 1 bd <U+00B7> -- ba <U+00B7> 1,000 sqft","lon":"-75.171935","lat":"39.930407"},{"address":"2130 N Carlisle St","solddate":"2017-04-11","price":"$175,000","unitprice":"$94 <U+00B7> Studio <U+00B7> 1 ba <U+00B7> 1,845 sqft","lon":"-75.157568","lat":"39.985614"},{"address":"1516 W Montgomery Ave","solddate":"2017-04-11","price":"$345,000","unitprice":"$172 <U+00B7> 6 bds <U+00B7> 3 ba <U+00B7> 2,001 sqft","lon":"-75.160346","lat":"39.980419"},{"address":"1732 N Sydenham St","solddate":"2017-04-11","price":"$300,000","unitprice":"$177 <U+00B7> 5 bds <U+00B7> 2 ba <U+00B7> 1,686 sqft","lon":"-75.160331","lat":"39.97998"},{"address":"1732 N Sydenham St","solddate":"2017-04-11","price":"$300,000","unitprice":"$177 <U+00B7> 5 bds <U+00B7> 2 ba <U+00B7> 1,686 sqft","lon":"-75.160331","lat":"39.97998"},{"address":"1620 S 16th St","solddate":"2017-04-11","price":"$295,000","unitprice":"$295 <U+00B7> 1 bd <U+00B7> -- ba <U+00B7> 1,000 sqft","lon":"-75.171935","lat":"39.930407"},{"address":"1414 E Cheltenham Ave","solddate":"2017-04-10","price":"$125,000","unitprice":"$91 <U+00B7> -- bds <U+00B7> -- ba <U+00B7> 1,368 sqft","lon":"-75.082356","lat":"40.030118"},{"address":"1812 W Montgomery Ave","price":"$440,000","unitprice":"$320 <U+00B7> 4 bds <U+00B7> 2 ba <U+00B7> 1,800 sqft","lon":"-75.164405","lat":"39.980957"},{"address":"1320 S 8th St","solddate":"2017-04-07","price":"$210,000","unitprice":"$175 <U+00B7> 3 bds <U+00B7> 1 ba <U+00B7> 1,198 sqft","lon":"-75.157928","lat":"39.932166"},{"address":"616 4th #1F","solddate":"2017-04-05","price":"$1,400","unitprice":"$2 <U+00B7> 1 bd <U+00B7> 1 ba <U+00B7> 500 sqft","lon":"-75.149498","lat":"39.941182"},{"address":"1248 S 15th St","solddate":"2017-04-05","price":"$299,500","unitprice":"$129 <U+00B7> 5 bds <U+00B7> 2 ba <U+00B7> 2,319 sqft","lon":"-75.169424","lat":"39.934659"},{"address":"4225 Otter St","solddate":"2017-04-05","price":"$59,500","unitprice":"$28 <U+00B7> 5 bds <U+00B7> 2 ba <U+00B7> 2,052 sqft","lon":"-75.209472","lat":"39.971126"},{"address":"9455 Woodbridge Rd","solddate":"2017-04-04","price":"$185,000","unitprice":"$85 <U+00B7> 4 bds <U+00B7> 2 ba <U+00B7> 2,160 sqft","lon":"-75.015474","lat":"40.066916"},{"address":"1324 Locust St APT 1131","solddate":"2017-04-04","price":"$82,000","unitprice":"$203 <U+00B7> Studio <U+00B7> 1 ba <U+00B7> 403 sqft","lon":"-75.163619","lat":"39.94786"},{"address":"4125 Roosevelt Blvd","solddate":"2017-04-03","price":"$85,000","unitprice":"$50 <U+00B7> 3 bds <U+00B7> -- ba <U+00B7> 1,680 sqft","lon":"-75.106785","lat":"40.028315"},{"address":"1835 N 33rd","solddate":"2017-04-02","price":"$225,000","unitprice":"$80 <U+00B7> 6 bds <U+00B7> 4 ba <U+00B7> 2,790 sqft","lon":"-75.187473","lat":"39.985133"},{"address":"1145 S 11th St","solddate":"2017-04-01","price":"$1,150","unitprice":"-- <U+00B7> -- bds <U+00B7> -- ba <U+00B7> 1,629 sqft","lon":"-75.161473","lat":"39.935936"},{"address":"3477 Indian Queen","solddate":"2017-03-31","price":"$186,600","unitprice":"$78 <U+00B7> 4 bds <U+00B7> 4 ba <U+00B7> 2,370 sqft","lon":"-75.187935","lat":"40.010981"},{"address":"421 Pine St APT 2","solddate":"2017-03-31","price":"$1.12M","unitprice":"-- <U+00B7> 2 bds <U+00B7> 1 ba <U+00B7> -- sqft","lon":"-75.149681","lat":"39.94384"},{"address":"5226 Roosevelt Blvd","solddate":"2017-03-31","price":"$120,000","unitprice":"$87 <U+00B7> 2 bds <U+00B7> -- ba <U+00B7> 1,379 sqft","lon":"-75.089553","lat":"40.029781"},{"address":"1309 W. Chelten Ave","solddate":"2017-03-30","price":"$170,000","unitprice":"$80 <U+00B7> 5 bds <U+00B7> 3 ba <U+00B7> 2,100 sqft","lon":"-75.140223","lat":"40.050445"},{"address":"220 Locust St APT 2C","solddate":"2017-03-30","price":"$289,250","unitprice":"$413 <U+00B7> 1 bd <U+00B7> 1 ba <U+00B7> 700 sqft","lon":"-75.145011","lat":"39.944991"},{"address":"1438 67th Ave","solddate":"2017-03-30","price":"$169,847","unitprice":"$101 <U+00B7> 5 bds <U+00B7> 3 ba <U+00B7> 1,680 sqft","lon":"-75.142295","lat":"40.05516"},{"address":"2501 S Broad St","solddate":"2017-03-29","price":"$550,000","unitprice":"$144 <U+00B7> Studio <U+00B7> -- ba <U+00B7> 3,800 sqft","lon":"-75.170457","lat":"39.919252"},{"address":"3323 Indian Queen Ln","solddate":"2017-03-29","price":"$239,000","unitprice":"$162 <U+00B7> Studio <U+00B7> -- ba <U+00B7> 1,474 sqft","lon":"-75.185081","lat":"40.013019"},{"address":"4579 Manayunk Ave.","solddate":"2017-03-28","price":"$275,000","unitprice":"$156 <U+00B7> 4 bds <U+00B7> 2 ba <U+00B7> 1,760 sqft","lon":"-75.222011","lat":"40.03296"},{"address":"2503 S Broad St","solddate":"2017-03-28","price":"$465,000","unitprice":"$168 <U+00B7> Studio <U+00B7> -- ba <U+00B7> 2,753 sqft","lon":"-75.170467","lat":"39.919203"},{"address":"831 Bridge St","solddate":"2017-03-28","price":"$69,500","unitprice":"$62 <U+00B7> 4 bds <U+00B7> 2 ba <U+00B7> 1,120 sqft","lon":"-75.093256","lat":"40.033167"},{"address":"5438 Walnut St","solddate":"2017-03-28","price":"$135,000","unitprice":"$63 <U+00B7> Studio <U+00B7> -- ba <U+00B7> 2,130 sqft","lon":"-75.231038","lat":"39.957262"},{"address":"3300 Meridian St","solddate":"2017-03-27","price":"$162,000","unitprice":"$101 <U+00B7> 4 bds <U+00B7> -- ba <U+00B7> 1,600 sqft","lon":"-75.035858","lat":"40.043525"},{"address":"1227 N 31st St","solddate":"2017-03-24","price":"$190,000","unitprice":"$145 <U+00B7> Studio <U+00B7> -- ba <U+00B7> 1,310 sqft","lon":"-75.186286","lat":"39.975791"}] 
[1] 200
[1] "2017-05-04 15:00:02 EDT"
[1] "today"
[{"address":"233 S 6th St APT 506","solddate":"2017-05-01","price":"$470,000","unitprice":"$390 <U+00B7> 1 bd <U+00B7> 1.5 ba <U+00B7> 1,205 sqft","lon":"-75.151271","lat":"39.946577"},{"address":"1814 Ranstead #4","solddate":"2017-05-01","price":"$1,700","unitprice":"$1 <U+00B7> 1 bd <U+00B7> 1 ba <U+00B7> 1,000 sqft","lon":"-75.170535","lat":"39.952111"},{"address":"1900 Federal St","solddate":"2017-05-01","price":"$350,000","unitprice":"$120 <U+00B7> -- bds <U+00B7> -- ba <U+00B7> 2,907 sqft","lon":"-75.175297","lat":"39.936887"},{"address":"3711 Lancaster Ave # 3FL","price":"$541,500","unitprice":"-- <U+00B7> 3 bds <U+00B7> 3 ba <U+00B7> -- sqft","lon":"-75.195757","lat":"39.959872"},{"address":"9926 Haldeman Ave # 41","solddate":"2017-04-30","price":"$1","unitprice":"-- <U+00B7> 4 bds <U+00B7> 2 ba <U+00B7> 2,000 sqft","lon":"-75.026605","lat":"40.096353"},{"address":"9414 Lansford","solddate":"2017-04-28","price":"$182,500","unitprice":"$102 <U+00B7> 2 bds <U+00B7> 1 ba <U+00B7> 1,778 sqft","lon":"-75.008596","lat":"40.065593"},{"address":"2548 W Girard Ave # A","solddate":"2017-04-28","price":"$324,000","unitprice":"$202 <U+00B7> 4 bds <U+00B7> 2 ba <U+00B7> 1,600 sqft","lon":"-75.178779","lat":"39.973726"},{"address":"10205 E Keswick Rd","solddate":"2017-04-28","price":"$109,950","unitprice":"$68 <U+00B7> 3 bds <U+00B7> 2 ba <U+00B7> 1,600 sqft","lon":"-74.988784","lat":"40.074745"},{"address":"329 N Preston St","price":"$465,000","unitprice":"$108 <U+00B7> Studio <U+00B7> 1 ba <U+00B7> 2,055 sqft","lon":"-75.203407","lat":"39.959819"},{"address":"1213 W Allegheny Ave","solddate":"2017-04-27","price":"$130,000","unitprice":"$47 <U+00B7> 8 bds <U+00B7> 3 ba <U+00B7> 2,736 sqft","lon":"-75.149204","lat":"40.00142"},{"address":"2144 N 18th St","solddate":"2017-04-21","price":"$320,000","unitprice":"$126 <U+00B7> 9 bds <U+00B7> 3 ba <U+00B7> 2,520 sqft","lon":"-75.1629","lat":"39.9868"},{"address":"5302 Walnut St","solddate":"2017-04-21","price":"$145,000","unitprice":"-- <U+00B7> 3 bds <U+00B7> 1 ba <U+00B7> -- sqft","lon":"-75.2285","lat":"39.9571"},{"address":"3712 N 19th St","solddate":"2017-04-18","price":"$163,500","unitprice":"$65 <U+00B7> 6 bds <U+00B7> 2 ba <U+00B7> 2,500 sqft","lon":"-75.1592","lat":"40.01065"},{"address":"821 N Franklin St","solddate":"2017-04-18","price":"$800,000","unitprice":"$248 <U+00B7> 6 bds <U+00B7> -- ba <U+00B7> 3,216 sqft","lon":"-75.149675","lat":"39.965936"},{"address":"5337 Arlington St","solddate":"2017-04-18","price":"$35,000","unitprice":"$16 <U+00B7> 3 bds <U+00B7> -- ba <U+00B7> 2,123 sqft","lon":"-75.231052","lat":"39.987118"},{"address":"130 S 18th St UNIT 2502","solddate":"2017-04-17","price":"$300,000","unitprice":"$135 <U+00B7> 3 bds <U+00B7> 3.5 ba <U+00B7> 2,210 sqft","lon":"-75.170604","lat":"39.950728"},{"address":"2414 W Thompson St","solddate":"2017-04-13","price":"$100,000","unitprice":"$44 <U+00B7> 4 bds <U+00B7> 2 ba <U+00B7> 2,268 sqft","lon":"-75.17597","lat":"39.975225"},{"address":"1829 N Willington St","solddate":"2017-04-12","price":"$160,000","unitprice":"$166 <U+00B7> 3 bds <U+00B7> 1 ba <U+00B7> 960 sqft","lon":"-75.161248","lat":"39.981333"},{"address":"1815 N Willington St","solddate":"2017-04-12","price":"$120,000","unitprice":"$125 <U+00B7> 2 bds <U+00B7> 1 ba <U+00B7> 960 sqft","lon":"-75.161324","lat":"39.981069"},{"address":"2620 E Somerset St","solddate":"2017-04-12","price":"$305,000","unitprice":"$113 <U+00B7> 6 bds <U+00B7> 3 ba <U+00B7> 2,698 sqft","lon":"-75.112821","lat":"39.98005"},{"address":"7561 Overbrook Ave","solddate":"2017-04-11","price":"$175,000","unitprice":"$109 <U+00B7> 4 bds <U+00B7> 3 ba <U+00B7> 1,600 sqft","lon":"-75.270337","lat":"39.978259"},{"address":"1536 Fontain St","solddate":"2017-04-11","price":"$170,000","unitprice":"$139 <U+00B7> 4 bds <U+00B7> 1 ba <U+00B7> 1,216 sqft","lon":"-75.159438","lat":"39.984304"},{"address":"1534 Fontain St","solddate":"2017-04-11","price":"$170,000","unitprice":"$139 <U+00B7> 4 bds <U+00B7> 1 ba <U+00B7> 1,216 sqft","lon":"-75.15939","lat":"39.984298"},{"address":"1620 S 16th St","solddate":"2017-04-11","price":"$295,000","unitprice":"$295 <U+00B7> 1 bd <U+00B7> -- ba <U+00B7> 1,000 sqft","lon":"-75.171935","lat":"39.930407"},{"address":"2130 N Carlisle St","solddate":"2017-04-11","price":"$175,000","unitprice":"$94 <U+00B7> Studio <U+00B7> 1 ba <U+00B7> 1,845 sqft","lon":"-75.157568","lat":"39.985614"},{"address":"1516 W Montgomery Ave","solddate":"2017-04-11","price":"$345,000","unitprice":"$172 <U+00B7> 6 bds <U+00B7> 3 ba <U+00B7> 2,001 sqft","lon":"-75.160346","lat":"39.980419"},{"address":"1732 N Sydenham St","solddate":"2017-04-11","price":"$300,000","unitprice":"$177 <U+00B7> 5 bds <U+00B7> 2 ba <U+00B7> 1,686 sqft","lon":"-75.160331","lat":"39.97998"},{"address":"1732 N Sydenham St","solddate":"2017-04-11","price":"$300,000","unitprice":"$177 <U+00B7> 5 bds <U+00B7> 2 ba <U+00B7> 1,686 sqft","lon":"-75.160331","lat":"39.97998"},{"address":"1620 S 16th St","solddate":"2017-04-11","price":"$295,000","unitprice":"$295 <U+00B7> 1 bd <U+00B7> -- ba <U+00B7> 1,000 sqft","lon":"-75.171935","lat":"39.930407"},{"address":"1414 E Cheltenham Ave","solddate":"2017-04-10","price":"$125,000","unitprice":"$91 <U+00B7> -- bds <U+00B7> -- ba <U+00B7> 1,368 sqft","lon":"-75.082356","lat":"40.030118"},{"address":"1812 W Montgomery Ave","price":"$440,000","unitprice":"$320 <U+00B7> 4 bds <U+00B7> 2 ba <U+00B7> 1,800 sqft","lon":"-75.164405","lat":"39.980957"},{"address":"1320 S 8th St","solddate":"2017-04-07","price":"$210,000","unitprice":"$175 <U+00B7> 3 bds <U+00B7> 1 ba <U+00B7> 1,198 sqft","lon":"-75.157928","lat":"39.932166"},{"address":"616 4th #1F","solddate":"2017-04-05","price":"$1,400","unitprice":"$2 <U+00B7> 1 bd <U+00B7> 1 ba <U+00B7> 500 sqft","lon":"-75.149498","lat":"39.941182"},{"address":"1248 S 15th St","solddate":"2017-04-05","price":"$299,500","unitprice":"$129 <U+00B7> 5 bds <U+00B7> 2 ba <U+00B7> 2,319 sqft","lon":"-75.169424","lat":"39.934659"},{"address":"4225 Otter St","solddate":"2017-04-05","price":"$59,500","unitprice":"$28 <U+00B7> 5 bds <U+00B7> 2 ba <U+00B7> 2,052 sqft","lon":"-75.209472","lat":"39.971126"},{"address":"9455 Woodbridge Rd","solddate":"2017-04-04","price":"$185,000","unitprice":"$85 <U+00B7> 4 bds <U+00B7> 2 ba <U+00B7> 2,160 sqft","lon":"-75.015474","lat":"40.066916"},{"address":"1324 Locust St APT 1131","solddate":"2017-04-04","price":"$82,000","unitprice":"$203 <U+00B7> Studio <U+00B7> 1 ba <U+00B7> 403 sqft","lon":"-75.163619","lat":"39.94786"},{"address":"4125 Roosevelt Blvd","solddate":"2017-04-03","price":"$85,000","unitprice":"$50 <U+00B7> 3 bds <U+00B7> -- ba <U+00B7> 1,680 sqft","lon":"-75.106785","lat":"40.028315"},{"address":"1835 N 33rd","solddate":"2017-04-02","price":"$225,000","unitprice":"$80 <U+00B7> 6 bds <U+00B7> 4 ba <U+00B7> 2,790 sqft","lon":"-75.187473","lat":"39.985133"},{"address":"1145 S 11th St","solddate":"2017-04-01","price":"$1,150","unitprice":"-- <U+00B7> -- bds <U+00B7> -- ba <U+00B7> 1,629 sqft","lon":"-75.161473","lat":"39.935936"},{"address":"3477 Indian Queen","solddate":"2017-03-31","price":"$186,600","unitprice":"$78 <U+00B7> 4 bds <U+00B7> 4 ba <U+00B7> 2,370 sqft","lon":"-75.187935","lat":"40.010981"},{"address":"421 Pine St APT 2","solddate":"2017-03-31","price":"$1.12M","unitprice":"-- <U+00B7> 2 bds <U+00B7> 1 ba <U+00B7> -- sqft","lon":"-75.149681","lat":"39.94384"},{"address":"5226 Roosevelt Blvd","solddate":"2017-03-31","price":"$120,000","unitprice":"$87 <U+00B7> 2 bds <U+00B7> -- ba <U+00B7> 1,379 sqft","lon":"-75.089553","lat":"40.029781"},{"address":"1309 W. Chelten Ave","solddate":"2017-03-30","price":"$170,000","unitprice":"$80 <U+00B7> 5 bds <U+00B7> 3 ba <U+00B7> 2,100 sqft","lon":"-75.140223","lat":"40.050445"},{"address":"220 Locust St APT 2C","solddate":"2017-03-30","price":"$289,250","unitprice":"$413 <U+00B7> 1 bd <U+00B7> 1 ba <U+00B7> 700 sqft","lon":"-75.145011","lat":"39.944991"},{"address":"1438 67th Ave","solddate":"2017-03-30","price":"$169,847","unitprice":"$101 <U+00B7> 5 bds <U+00B7> 3 ba <U+00B7> 1,680 sqft","lon":"-75.142295","lat":"40.05516"},{"address":"2501 S Broad St","solddate":"2017-03-29","price":"$550,000","unitprice":"$144 <U+00B7> Studio <U+00B7> -- ba <U+00B7> 3,800 sqft","lon":"-75.170457","lat":"39.919252"},{"address":"3323 Indian Queen Ln","solddate":"2017-03-29","price":"$239,000","unitprice":"$162 <U+00B7> Studio <U+00B7> -- ba <U+00B7> 1,474 sqft","lon":"-75.185081","lat":"40.013019"},{"address":"4579 Manayunk Ave.","solddate":"2017-03-28","price":"$275,000","unitprice":"$156 <U+00B7> 4 bds <U+00B7> 2 ba <U+00B7> 1,760 sqft","lon":"-75.222011","lat":"40.03296"},{"address":"2503 S Broad St","solddate":"2017-03-28","price":"$465,000","unitprice":"$168 <U+00B7> Studio <U+00B7> -- ba <U+00B7> 2,753 sqft","lon":"-75.170467","lat":"39.919203"},{"address":"831 Bridge St","solddate":"2017-03-28","price":"$69,500","unitprice":"$62 <U+00B7> 4 bds <U+00B7> 2 ba <U+00B7> 1,120 sqft","lon":"-75.093256","lat":"40.033167"},{"address":"5438 Walnut St","solddate":"2017-03-28","price":"$135,000","unitprice":"$63 <U+00B7> Studio <U+00B7> -- ba <U+00B7> 2,130 sqft","lon":"-75.231038","lat":"39.957262"},{"address":"3300 Meridian St","solddate":"2017-03-27","price":"$162,000","unitprice":"$101 <U+00B7> 4 bds <U+00B7> -- ba <U+00B7> 1,600 sqft","lon":"-75.035858","lat":"40.043525"},{"address":"1227 N 31st St","solddate":"2017-03-24","price":"$190,000","unitprice":"$145 <U+00B7> Studio <U+00B7> -- ba <U+00B7> 1,310 sqft","lon":"-75.186286","lat":"39.975791"}] 
Loading required package: methods
[1] 200
[1] "2017-05-04 15:01:03 EDT"
[1] "today"
[{"address":"233 S 6th St APT 506","solddate":"2017-05-01","price":"$470,000","unitprice":"$390 <U+00B7> 1 bd <U+00B7> 1.5 ba <U+00B7> 1,205 sqft","lon":"-75.151271","lat":"39.946577"},{"address":"3711 Lancaster Ave # 3FL","price":"$541,500","unitprice":"-- <U+00B7> 3 bds <U+00B7> 3 ba <U+00B7> -- sqft","lon":"-75.195757","lat":"39.959872"},{"address":"1900 Federal St","solddate":"2017-05-01","price":"$350,000","unitprice":"$120 <U+00B7> -- bds <U+00B7> -- ba <U+00B7> 2,907 sqft","lon":"-75.175297","lat":"39.936887"},{"address":"1814 Ranstead #4","solddate":"2017-05-01","price":"$1,700","unitprice":"$1 <U+00B7> 1 bd <U+00B7> 1 ba <U+00B7> 1,000 sqft","lon":"-75.170535","lat":"39.952111"},{"address":"9926 Haldeman Ave # 41","solddate":"2017-04-30","price":"$1","unitprice":"-- <U+00B7> 4 bds <U+00B7> 2 ba <U+00B7> 2,000 sqft","lon":"-75.026605","lat":"40.096353"},{"address":"9414 Lansford","solddate":"2017-04-28","price":"$182,500","unitprice":"$102 <U+00B7> 2 bds <U+00B7> 1 ba <U+00B7> 1,778 sqft","lon":"-75.008596","lat":"40.065593"},{"address":"10205 E Keswick Rd","solddate":"2017-04-28","price":"$109,950","unitprice":"$68 <U+00B7> 3 bds <U+00B7> 2 ba <U+00B7> 1,600 sqft","lon":"-74.988784","lat":"40.074745"},{"address":"2548 W Girard Ave # A","solddate":"2017-04-28","price":"$324,000","unitprice":"$202 <U+00B7> 4 bds <U+00B7> 2 ba <U+00B7> 1,600 sqft","lon":"-75.178779","lat":"39.973726"},{"address":"329 N Preston St","price":"$465,000","unitprice":"$108 <U+00B7> Studio <U+00B7> 1 ba <U+00B7> 2,055 sqft","lon":"-75.203407","lat":"39.959819"},{"address":"1213 W Allegheny Ave","solddate":"2017-04-27","price":"$130,000","unitprice":"$47 <U+00B7> 8 bds <U+00B7> 3 ba <U+00B7> 2,736 sqft","lon":"-75.149204","lat":"40.00142"},{"address":"2144 N 18th St","solddate":"2017-04-21","price":"$320,000","unitprice":"$126 <U+00B7> 9 bds <U+00B7> 3 ba <U+00B7> 2,520 sqft","lon":"-75.1629","lat":"39.9868"},{"address":"5302 Walnut St","solddate":"2017-04-21","price":"$145,000","unitprice":"-- <U+00B7> 3 bds <U+00B7> 1 ba <U+00B7> -- sqft","lon":"-75.2285","lat":"39.9571"},{"address":"3712 N 19th St","solddate":"2017-04-18","price":"$163,500","unitprice":"$65 <U+00B7> 6 bds <U+00B7> 2 ba <U+00B7> 2,500 sqft","lon":"-75.1592","lat":"40.01065"},{"address":"821 N Franklin St","solddate":"2017-04-18","price":"$800,000","unitprice":"$248 <U+00B7> 6 bds <U+00B7> -- ba <U+00B7> 3,216 sqft","lon":"-75.149675","lat":"39.965936"},{"address":"5337 Arlington St","solddate":"2017-04-18","price":"$35,000","unitprice":"$16 <U+00B7> 3 bds <U+00B7> -- ba <U+00B7> 2,123 sqft","lon":"-75.231052","lat":"39.987118"},{"address":"130 S 18th St UNIT 2502","solddate":"2017-04-17","price":"$300,000","unitprice":"$135 <U+00B7> 3 bds <U+00B7> 3.5 ba <U+00B7> 2,210 sqft","lon":"-75.170604","lat":"39.950728"},{"address":"2414 W Thompson St","solddate":"2017-04-13","price":"$100,000","unitprice":"$44 <U+00B7> 4 bds <U+00B7> 2 ba <U+00B7> 2,268 sqft","lon":"-75.17597","lat":"39.975225"},{"address":"1815 N Willington St","solddate":"2017-04-12","price":"$120,000","unitprice":"$125 <U+00B7> 2 bds <U+00B7> 1 ba <U+00B7> 960 sqft","lon":"-75.161324","lat":"39.981069"},{"address":"1829 N Willington St","solddate":"2017-04-12","price":"$160,000","unitprice":"$166 <U+00B7> 3 bds <U+00B7> 1 ba <U+00B7> 960 sqft","lon":"-75.161248","lat":"39.981333"},{"address":"2620 E Somerset St","solddate":"2017-04-12","price":"$305,000","unitprice":"$113 <U+00B7> 6 bds <U+00B7> 3 ba <U+00B7> 2,698 sqft","lon":"-75.112821","lat":"39.98005"},{"address":"1536 Fontain St","solddate":"2017-04-11","price":"$170,000","unitprice":"$139 <U+00B7> 4 bds <U+00B7> 1 ba <U+00B7> 1,216 sqft","lon":"-75.159438","lat":"39.984304"},{"address":"1808 N Willington St","solddate":"2017-04-11","price":"$120,000","unitprice":"$114 <U+00B7> 2 bds <U+00B7> 1 ba <U+00B7> 1,044 sqft","lon":"-75.161707","lat":"39.981153"},{"address":"2130 N Carlisle St","solddate":"2017-04-11","price":"$175,000","unitprice":"$94 <U+00B7> Studio <U+00B7> 1 ba <U+00B7> 1,845 sqft","lon":"-75.157568","lat":"39.985614"},{"address":"1732 N Sydenham St","solddate":"2017-04-11","price":"$300,000","unitprice":"$177 <U+00B7> 5 bds <U+00B7> 2 ba <U+00B7> 1,686 sqft","lon":"-75.160331","lat":"39.97998"},{"address":"1534 Fontain St","solddate":"2017-04-11","price":"$170,000","unitprice":"$139 <U+00B7> 4 bds <U+00B7> 1 ba <U+00B7> 1,216 sqft","lon":"-75.15939","lat":"39.984298"},{"address":"1516 W Montgomery Ave","solddate":"2017-04-11","price":"$345,000","unitprice":"$172 <U+00B7> 6 bds <U+00B7> 3 ba <U+00B7> 2,001 sqft","lon":"-75.160346","lat":"39.980419"},{"address":"7561 Overbrook Ave","solddate":"2017-04-11","price":"$175,000","unitprice":"$109 <U+00B7> 4 bds <U+00B7> 3 ba <U+00B7> 1,600 sqft","lon":"-75.270337","lat":"39.978259"},{"address":"1732 N Sydenham St","solddate":"2017-04-11","price":"$300,000","unitprice":"$177 <U+00B7> 5 bds <U+00B7> 2 ba <U+00B7> 1,686 sqft","lon":"-75.160331","lat":"39.97998"},{"address":"1620 S 16th St","solddate":"2017-04-11","price":"$295,000","unitprice":"$295 <U+00B7> 1 bd <U+00B7> -- ba <U+00B7> 1,000 sqft","lon":"-75.171935","lat":"39.930407"},{"address":"1414 E Cheltenham Ave","solddate":"2017-04-10","price":"$125,000","unitprice":"$91 <U+00B7> -- bds <U+00B7> -- ba <U+00B7> 1,368 sqft","lon":"-75.082356","lat":"40.030118"},{"address":"1812 W Montgomery Ave","price":"$440,000","unitprice":"$320 <U+00B7> 4 bds <U+00B7> 2 ba <U+00B7> 1,800 sqft","lon":"-75.164405","lat":"39.980957"},{"address":"1320 S 8th St","solddate":"2017-04-07","price":"$210,000","unitprice":"$175 <U+00B7> 3 bds <U+00B7> 1 ba <U+00B7> 1,198 sqft","lon":"-75.157928","lat":"39.932166"},{"address":"616 4th #1F","solddate":"2017-04-05","price":"$1,400","unitprice":"$2 <U+00B7> 1 bd <U+00B7> 1 ba <U+00B7> 500 sqft","lon":"-75.149498","lat":"39.941182"},{"address":"1248 S 15th St","solddate":"2017-04-05","price":"$299,500","unitprice":"$129 <U+00B7> 5 bds <U+00B7> 2 ba <U+00B7> 2,319 sqft","lon":"-75.169424","lat":"39.934659"},{"address":"4225 Otter St","solddate":"2017-04-05","price":"$59,500","unitprice":"$28 <U+00B7> 5 bds <U+00B7> 2 ba <U+00B7> 2,052 sqft","lon":"-75.209472","lat":"39.971126"},{"address":"9455 Woodbridge Rd","solddate":"2017-04-04","price":"$185,000","unitprice":"$85 <U+00B7> 4 bds <U+00B7> 2 ba <U+00B7> 2,160 sqft","lon":"-75.015474","lat":"40.066916"},{"address":"1324 Locust St APT 1131","solddate":"2017-04-04","price":"$82,000","unitprice":"$203 <U+00B7> Studio <U+00B7> 1 ba <U+00B7> 403 sqft","lon":"-75.163619","lat":"39.94786"},{"address":"4125 Roosevelt Blvd","solddate":"2017-04-03","price":"$85,000","unitprice":"$50 <U+00B7> 3 bds <U+00B7> -- ba <U+00B7> 1,680 sqft","lon":"-75.106785","lat":"40.028315"},{"address":"1835 N 33rd","solddate":"2017-04-02","price":"$225,000","unitprice":"$80 <U+00B7> 6 bds <U+00B7> 4 ba <U+00B7> 2,790 sqft","lon":"-75.187473","lat":"39.985133"},{"address":"1145 S 11th St","solddate":"2017-04-01","price":"$1,150","unitprice":"-- <U+00B7> -- bds <U+00B7> -- ba <U+00B7> 1,629 sqft","lon":"-75.161473","lat":"39.935936"},{"address":"3477 Indian Queen","solddate":"2017-03-31","price":"$186,600","unitprice":"$78 <U+00B7> 4 bds <U+00B7> 4 ba <U+00B7> 2,370 sqft","lon":"-75.187935","lat":"40.010981"},{"address":"421 Pine St APT 2","solddate":"2017-03-31","price":"$1.12M","unitprice":"-- <U+00B7> 2 bds <U+00B7> 1 ba <U+00B7> -- sqft","lon":"-75.149681","lat":"39.94384"},{"address":"5226 Roosevelt Blvd","solddate":"2017-03-31","price":"$120,000","unitprice":"$87 <U+00B7> 2 bds <U+00B7> -- ba <U+00B7> 1,379 sqft","lon":"-75.089553","lat":"40.029781"},{"address":"1309 W. Chelten Ave","solddate":"2017-03-30","price":"$170,000","unitprice":"$80 <U+00B7> 5 bds <U+00B7> 3 ba <U+00B7> 2,100 sqft","lon":"-75.140223","lat":"40.050445"},{"address":"220 Locust St APT 2C","solddate":"2017-03-30","price":"$289,250","unitprice":"$413 <U+00B7> 1 bd <U+00B7> 1 ba <U+00B7> 700 sqft","lon":"-75.145011","lat":"39.944991"},{"address":"1438 67th Ave","solddate":"2017-03-30","price":"$169,847","unitprice":"$101 <U+00B7> 5 bds <U+00B7> 3 ba <U+00B7> 1,680 sqft","lon":"-75.142295","lat":"40.05516"},{"address":"2501 S Broad St","solddate":"2017-03-29","price":"$550,000","unitprice":"$144 <U+00B7> Studio <U+00B7> -- ba <U+00B7> 3,800 sqft","lon":"-75.170457","lat":"39.919252"},{"address":"3323 Indian Queen Ln","solddate":"2017-03-29","price":"$239,000","unitprice":"$162 <U+00B7> Studio <U+00B7> -- ba <U+00B7> 1,474 sqft","lon":"-75.185081","lat":"40.013019"},{"address":"4579 Manayunk Ave.","solddate":"2017-03-28","price":"$275,000","unitprice":"$156 <U+00B7> 4 bds <U+00B7> 2 ba <U+00B7> 1,760 sqft","lon":"-75.222011","lat":"40.03296"},{"address":"2503 S Broad St","solddate":"2017-03-28","price":"$465,000","unitprice":"$168 <U+00B7> Studio <U+00B7> -- ba <U+00B7> 2,753 sqft","lon":"-75.170467","lat":"39.919203"},{"address":"831 Bridge St","solddate":"2017-03-28","price":"$69,500","unitprice":"$62 <U+00B7> 4 bds <U+00B7> 2 ba <U+00B7> 1,120 sqft","lon":"-75.093256","lat":"40.033167"},{"address":"5438 Walnut St","solddate":"2017-03-28","price":"$135,000","unitprice":"$63 <U+00B7> Studio <U+00B7> -- ba <U+00B7> 2,130 sqft","lon":"-75.231038","lat":"39.957262"},{"address":"3300 Meridian St","solddate":"2017-03-27","price":"$162,000","unitprice":"$101 <U+00B7> 4 bds <U+00B7> -- ba <U+00B7> 1,600 sqft","lon":"-75.035858","lat":"40.043525"},{"address":"1227 N 31st St","solddate":"2017-03-24","price":"$190,000","unitprice":"$145 <U+00B7> Studio <U+00B7> -- ba <U+00B7> 1,310 sqft","lon":"-75.186286","lat":"39.975791"}] 
Loading required package: methods
[1] 200
[1] "2017-05-04 15:02:02 EDT"
[1] "today"
[{"address":"233 S 6th St APT 506","solddate":"2017-05-01","price":"$470,000","unitprice":"$390 <U+00B7> 1 bd <U+00B7> 1.5 ba <U+00B7> 1,205 sqft","lon":"-75.151271","lat":"39.946577"},{"address":"1814 Ranstead #4","solddate":"2017-05-01","price":"$1,700","unitprice":"$1 <U+00B7> 1 bd <U+00B7> 1 ba <U+00B7> 1,000 sqft","lon":"-75.170535","lat":"39.952111"},{"address":"1900 Federal St","solddate":"2017-05-01","price":"$350,000","unitprice":"$120 <U+00B7> -- bds <U+00B7> -- ba <U+00B7> 2,907 sqft","lon":"-75.175297","lat":"39.936887"},{"address":"3711 Lancaster Ave # 3FL","price":"$541,500","unitprice":"-- <U+00B7> 3 bds <U+00B7> 3 ba <U+00B7> -- sqft","lon":"-75.195757","lat":"39.959872"},{"address":"9926 Haldeman Ave # 41","solddate":"2017-04-30","price":"$1","unitprice":"-- <U+00B7> 4 bds <U+00B7> 2 ba <U+00B7> 2,000 sqft","lon":"-75.026605","lat":"40.096353"},{"address":"9414 Lansford","solddate":"2017-04-28","price":"$182,500","unitprice":"$102 <U+00B7> 2 bds <U+00B7> 1 ba <U+00B7> 1,778 sqft","lon":"-75.008596","lat":"40.065593"},{"address":"2548 W Girard Ave # A","solddate":"2017-04-28","price":"$324,000","unitprice":"$202 <U+00B7> 4 bds <U+00B7> 2 ba <U+00B7> 1,600 sqft","lon":"-75.178779","lat":"39.973726"},{"address":"329 N Preston St","price":"$465,000","unitprice":"$108 <U+00B7> Studio <U+00B7> 1 ba <U+00B7> 2,055 sqft","lon":"-75.203407","lat":"39.959819"},{"address":"10205 E Keswick Rd","solddate":"2017-04-28","price":"$109,950","unitprice":"$68 <U+00B7> 3 bds <U+00B7> 2 ba <U+00B7> 1,600 sqft","lon":"-74.988784","lat":"40.074745"},{"address":"1213 W Allegheny Ave","solddate":"2017-04-27","price":"$130,000","unitprice":"$47 <U+00B7> 8 bds <U+00B7> 3 ba <U+00B7> 2,736 sqft","lon":"-75.149204","lat":"40.00142"},{"address":"2144 N 18th St","solddate":"2017-04-21","price":"$320,000","unitprice":"$126 <U+00B7> 9 bds <U+00B7> 3 ba <U+00B7> 2,520 sqft","lon":"-75.1629","lat":"39.9868"},{"address":"5302 Walnut St","solddate":"2017-04-21","price":"$145,000","unitprice":"-- <U+00B7> 3 bds <U+00B7> 1 ba <U+00B7> -- sqft","lon":"-75.2285","lat":"39.9571"},{"address":"3712 N 19th St","solddate":"2017-04-18","price":"$163,500","unitprice":"$65 <U+00B7> 6 bds <U+00B7> 2 ba <U+00B7> 2,500 sqft","lon":"-75.1592","lat":"40.01065"},{"address":"821 N Franklin St","solddate":"2017-04-18","price":"$800,000","unitprice":"$248 <U+00B7> 6 bds <U+00B7> -- ba <U+00B7> 3,216 sqft","lon":"-75.149675","lat":"39.965936"},{"address":"5337 Arlington St","solddate":"2017-04-18","price":"$35,000","unitprice":"$16 <U+00B7> 3 bds <U+00B7> -- ba <U+00B7> 2,123 sqft","lon":"-75.231052","lat":"39.987118"},{"address":"130 S 18th St UNIT 2502","solddate":"2017-04-17","price":"$300,000","unitprice":"$135 <U+00B7> 3 bds <U+00B7> 3.5 ba <U+00B7> 2,210 sqft","lon":"-75.170604","lat":"39.950728"},{"address":"2414 W Thompson St","solddate":"2017-04-13","price":"$100,000","unitprice":"$44 <U+00B7> 4 bds <U+00B7> 2 ba <U+00B7> 2,268 sqft","lon":"-75.17597","lat":"39.975225"},{"address":"1815 N Willington St","solddate":"2017-04-12","price":"$120,000","unitprice":"$125 <U+00B7> 2 bds <U+00B7> 1 ba <U+00B7> 960 sqft","lon":"-75.161324","lat":"39.981069"},{"address":"1829 N Willington St","solddate":"2017-04-12","price":"$160,000","unitprice":"$166 <U+00B7> 3 bds <U+00B7> 1 ba <U+00B7> 960 sqft","lon":"-75.161248","lat":"39.981333"},{"address":"2620 E Somerset St","solddate":"2017-04-12","price":"$305,000","unitprice":"$113 <U+00B7> 6 bds <U+00B7> 3 ba <U+00B7> 2,698 sqft","lon":"-75.112821","lat":"39.98005"},{"address":"2130 N Carlisle St","solddate":"2017-04-11","price":"$175,000","unitprice":"$94 <U+00B7> Studio <U+00B7> 1 ba <U+00B7> 1,845 sqft","lon":"-75.157568","lat":"39.985614"},{"address":"1534 Fontain St","solddate":"2017-04-11","price":"$170,000","unitprice":"$139 <U+00B7> 4 bds <U+00B7> 1 ba <U+00B7> 1,216 sqft","lon":"-75.15939","lat":"39.984298"},{"address":"1536 Fontain St","solddate":"2017-04-11","price":"$170,000","unitprice":"$139 <U+00B7> 4 bds <U+00B7> 1 ba <U+00B7> 1,216 sqft","lon":"-75.159438","lat":"39.984304"},{"address":"7561 Overbrook Ave","solddate":"2017-04-11","price":"$175,000","unitprice":"$109 <U+00B7> 4 bds <U+00B7> 3 ba <U+00B7> 1,600 sqft","lon":"-75.270337","lat":"39.978259"},{"address":"1620 S 16th St","solddate":"2017-04-11","price":"$295,000","unitprice":"$295 <U+00B7> 1 bd <U+00B7> -- ba <U+00B7> 1,000 sqft","lon":"-75.171935","lat":"39.930407"},{"address":"1516 W Montgomery Ave","solddate":"2017-04-11","price":"$345,000","unitprice":"$172 <U+00B7> 6 bds <U+00B7> 3 ba <U+00B7> 2,001 sqft","lon":"-75.160346","lat":"39.980419"},{"address":"3531 N 19th St","solddate":"2017-04-11","price":"$12,000","unitprice":"$3 <U+00B7> 9 bds <U+00B7> 3 ba <U+00B7> 3,448 sqft","lon":"-75.159404","lat":"40.00798"},{"address":"1536 Fontain St","solddate":"2017-04-11","price":"$170,000","unitprice":"$139 <U+00B7> 4 bds <U+00B7> 1 ba <U+00B7> 1,216 sqft","lon":"-75.159438","lat":"39.984304"},{"address":"1534 Fontain St","solddate":"2017-04-11","price":"$170,000","unitprice":"$139 <U+00B7> 4 bds <U+00B7> 1 ba <U+00B7> 1,216 sqft","lon":"-75.15939","lat":"39.984298"},{"address":"1812 W Montgomery Ave","price":"$440,000","unitprice":"$320 <U+00B7> 4 bds <U+00B7> 2 ba <U+00B7> 1,800 sqft","lon":"-75.164405","lat":"39.980957"},{"address":"1414 E Cheltenham Ave","solddate":"2017-04-10","price":"$125,000","unitprice":"$91 <U+00B7> -- bds <U+00B7> -- ba <U+00B7> 1,368 sqft","lon":"-75.082356","lat":"40.030118"},{"address":"1320 S 8th St","solddate":"2017-04-07","price":"$210,000","unitprice":"$175 <U+00B7> 3 bds <U+00B7> 1 ba <U+00B7> 1,198 sqft","lon":"-75.157928","lat":"39.932166"},{"address":"616 4th #1F","solddate":"2017-04-05","price":"$1,400","unitprice":"$2 <U+00B7> 1 bd <U+00B7> 1 ba <U+00B7> 500 sqft","lon":"-75.149498","lat":"39.941182"},{"address":"1248 S 15th St","solddate":"2017-04-05","price":"$299,500","unitprice":"$129 <U+00B7> 5 bds <U+00B7> 2 ba <U+00B7> 2,319 sqft","lon":"-75.169424","lat":"39.934659"},{"address":"4225 Otter St","solddate":"2017-04-05","price":"$59,500","unitprice":"$28 <U+00B7> 5 bds <U+00B7> 2 ba <U+00B7> 2,052 sqft","lon":"-75.209472","lat":"39.971126"},{"address":"9455 Woodbridge Rd","solddate":"2017-04-04","price":"$185,000","unitprice":"$85 <U+00B7> 4 bds <U+00B7> 2 ba <U+00B7> 2,160 sqft","lon":"-75.015474","lat":"40.066916"},{"address":"1324 Locust St APT 1131","solddate":"2017-04-04","price":"$82,000","unitprice":"$203 <U+00B7> Studio <U+00B7> 1 ba <U+00B7> 403 sqft","lon":"-75.163619","lat":"39.94786"},{"address":"4125 Roosevelt Blvd","solddate":"2017-04-03","price":"$85,000","unitprice":"$50 <U+00B7> 3 bds <U+00B7> -- ba <U+00B7> 1,680 sqft","lon":"-75.106785","lat":"40.028315"},{"address":"1835 N 33rd","solddate":"2017-04-02","price":"$225,000","unitprice":"$80 <U+00B7> 6 bds <U+00B7> 4 ba <U+00B7> 2,790 sqft","lon":"-75.187473","lat":"39.985133"},{"address":"1145 S 11th St","solddate":"2017-04-01","price":"$1,150","unitprice":"-- <U+00B7> -- bds <U+00B7> -- ba <U+00B7> 1,629 sqft","lon":"-75.161473","lat":"39.935936"},{"address":"3477 Indian Queen","solddate":"2017-03-31","price":"$186,600","unitprice":"$78 <U+00B7> 4 bds <U+00B7> 4 ba <U+00B7> 2,370 sqft","lon":"-75.187935","lat":"40.010981"},{"address":"421 Pine St APT 2","solddate":"2017-03-31","price":"$1.12M","unitprice":"-- <U+00B7> 2 bds <U+00B7> 1 ba <U+00B7> -- sqft","lon":"-75.149681","lat":"39.94384"},{"address":"5226 Roosevelt Blvd","solddate":"2017-03-31","price":"$120,000","unitprice":"$87 <U+00B7> 2 bds <U+00B7> -- ba <U+00B7> 1,379 sqft","lon":"-75.089553","lat":"40.029781"},{"address":"1309 W. Chelten Ave","solddate":"2017-03-30","price":"$170,000","unitprice":"$80 <U+00B7> 5 bds <U+00B7> 3 ba <U+00B7> 2,100 sqft","lon":"-75.140223","lat":"40.050445"},{"address":"220 Locust St APT 2C","solddate":"2017-03-30","price":"$289,250","unitprice":"$413 <U+00B7> 1 bd <U+00B7> 1 ba <U+00B7> 700 sqft","lon":"-75.145011","lat":"39.944991"},{"address":"1438 67th Ave","solddate":"2017-03-30","price":"$169,847","unitprice":"$101 <U+00B7> 5 bds <U+00B7> 3 ba <U+00B7> 1,680 sqft","lon":"-75.142295","lat":"40.05516"},{"address":"2501 S Broad St","solddate":"2017-03-29","price":"$550,000","unitprice":"$144 <U+00B7> Studio <U+00B7> -- ba <U+00B7> 3,800 sqft","lon":"-75.170457","lat":"39.919252"},{"address":"3323 Indian Queen Ln","solddate":"2017-03-29","price":"$239,000","unitprice":"$162 <U+00B7> Studio <U+00B7> -- ba <U+00B7> 1,474 sqft","lon":"-75.185081","lat":"40.013019"},{"address":"4579 Manayunk Ave.","solddate":"2017-03-28","price":"$275,000","unitprice":"$156 <U+00B7> 4 bds <U+00B7> 2 ba <U+00B7> 1,760 sqft","lon":"-75.222011","lat":"40.03296"},{"address":"2503 S Broad St","solddate":"2017-03-28","price":"$465,000","unitprice":"$168 <U+00B7> Studio <U+00B7> -- ba <U+00B7> 2,753 sqft","lon":"-75.170467","lat":"39.919203"},{"address":"5438 Walnut St","solddate":"2017-03-28","price":"$135,000","unitprice":"$63 <U+00B7> Studio <U+00B7> -- ba <U+00B7> 2,130 sqft","lon":"-75.231038","lat":"39.957262"},{"address":"831 Bridge St","solddate":"2017-03-28","price":"$69,500","unitprice":"$62 <U+00B7> 4 bds <U+00B7> 2 ba <U+00B7> 1,120 sqft","lon":"-75.093256","lat":"40.033167"},{"address":"3300 Meridian St","solddate":"2017-03-27","price":"$162,000","unitprice":"$101 <U+00B7> 4 bds <U+00B7> -- ba <U+00B7> 1,600 sqft","lon":"-75.035858","lat":"40.043525"},{"address":"1227 N 31st St","solddate":"2017-03-24","price":"$190,000","unitprice":"$145 <U+00B7> Studio <U+00B7> -- ba <U+00B7> 1,310 sqft","lon":"-75.186286","lat":"39.975791"}] 
Loading required package: methods
[1] 200
[1] "2017-05-04 15:03:04 EDT"
Loading required package: methods
[1] 200
[1] "2017-05-04 15:04:02 EDT"
